Arguments: 
  /usr/local/bin/node /usr/local/Cellar/yarn/1.0.1/libexec/bin/yarn.js

PATH: 
  /usr/local/bin:/usr/bin:/bin:/usr/sbin:/sbin

Yarn version: 
  1.0.1

Node version: 
  8.0.0

Platform: 
  darwin x64

npm manifest: 
  

yarn manifest: 
  No manifest

Lockfile: 
  No lockfile

Trace: 
  SyntaxError: /Users/sstraatemans/Documents/www/react/package.json: Unexpected end of JSON input
      at JSON.parse (<anonymous>)
      at /usr/local/Cellar/yarn/1.0.1/libexec/lib/cli.js:797:57
      at Generator.next (<anonymous>)
      at step (/usr/local/Cellar/yarn/1.0.1/libexec/lib/cli.js:92:30)
      at /usr/local/Cellar/yarn/1.0.1/libexec/lib/cli.js:103:13
      at <anonymous>
